<?xml version="1.0" encoding="UTF-8"?>
<!-- Generated by org.testng.reporters.JUnitReportReporter -->
<testsuite hostname="srvdsks-Mac-mini.local" failures="0" tests="1" name="mavpro.DeleteRestApi" time="1.546" errors="0" timestamp="2022-09-07T22:19:03 IST" skipped="0">
  <testcase classname="mavpro.DeleteRestApi" name="postRequest" time="1.546"/>
  <system-out/>
</testsuite> <!-- mavpro.DeleteRestApi -->
