<?xml version="1.0" encoding="UTF-8"?>
<!-- Generated by org.testng.reporters.JUnitReportReporter -->
<testsuite hostname="srvdsks-Mac-mini.local" failures="0" tests="1" name="mavpro.testRestapi" time="1.490" errors="0" timestamp="2022-09-07T22:19:28 IST" skipped="0">
  <testcase classname="mavpro.testRestapi" name="getRequest" time="1.490"/>
  <system-out/>
</testsuite> <!-- mavpro.testRestapi -->
