<?xml version="1.0" encoding="UTF-8"?>
<!-- Generated by org.testng.reporters.JUnitReportReporter -->
<testsuite hostname="srvdsks-Mac-mini.local" failures="0" tests="1" name="mavpro.PutRestApi" time="1.501" errors="0" timestamp="2022-09-07T22:17:53 IST" skipped="0">
  <testcase classname="mavpro.PutRestApi" name="postRequest" time="1.501"/>
  <system-out/>
</testsuite> <!-- mavpro.PutRestApi -->
