<?xml version="1.0" encoding="UTF-8"?>
<!-- Generated by org.testng.reporters.JUnitReportReporter -->
<testsuite hostname="srvdsks-Mac-mini.local" failures="0" tests="1" name="mavpro.PostRestApi" time="1.534" errors="0" timestamp="2022-09-07T22:14:06 IST" skipped="0">
  <testcase classname="mavpro.PostRestApi" name="postRequest" time="1.534"/>
  <system-out/>
</testsuite> <!-- mavpro.PostRestApi -->
